[    0.000000] Initializing cgroup subsys cpuset
[    0.000000] Initializing cgroup subsys cpu
[    0.000000] Initializing cgroup subsys cpuacct
[    0.000000] Linux version 4.4.0-59-generic (buildd@lgw01-11) (gcc version 5.4.0 20160609 (Ubuntu 5.4.0-6ubuntu1~16.04.4) ) #80-Ubuntu SMP Fri Jan 6 17:47:47 UTC 2017 (Ubuntu 4.4.0-59.80-generic 4.4.35)
[    0.000000] Command line: BOOT_IMAGE=/boot/vmlinuz-4.4.0-59-generic root=LABEL=cloudimg-rootfs ro console=tty1 console=ttyS0
[    0.000000] KERNEL supported cpus:
[    0.000000]   Intel GenuineIntel
[    0.000000]   AMD AuthenticAMD
[    0.000000]   Centaur CentaurHauls
[    0.000000] x86/fpu: xstate_offset[2]:  576, xstate_sizes[2]:  256
[    0.000000] x86/fpu: Supporting XSAVE feature 0x01: 'x87 floating point registers'
[    0.000000] x86/fpu: Supporting XSAVE feature 0x02: 'SSE registers'
[    0.000000] x86/fpu: Supporting XSAVE feature 0x04: 'AVX registers'
[    0.000000] x86/fpu: Enabled xstate features 0x7, context size is 832 bytes, using 'standard' format.
[    0.000000] x86/fpu: Using 'lazy' FPU context switches.
[    0.000000] e820: BIOS-provided physical RAM map:
[    0.000000] BIOS-e820: [mem 0x0000000000000000-0x000000000009fbff] usable
[    0.000000] BIOS-e820: [mem 0x000000000009fc00-0x000000000009ffff] reserved
[    0.000000] BIOS-e820: [mem 0x00000000000f0000-0x00000000000fffff] reserved
[    0.000000] BIOS-e820: [mem 0x0000000000100000-0x000000003ffeffff] usable
[    0.000000] BIOS-e820: [mem 0x000000003fff0000-0x000000003fffffff] ACPI data
[    0.000000] BIOS-e820: [mem 0x00000000fec00000-0x00000000fec00fff] reserved
[    0.000000] BIOS-e820: [mem 0x00000000fee00000-0x00000000fee00fff] reserved
[    0.000000] BIOS-e820: [mem 0x00000000fffc0000-0x00000000ffffffff] reserved
[    0.000000] NX (Execute Disable) protection: active
[    0.000000] SMBIOS 2.5 present.
[    0.000000] Hypervisor detected: KVM
[    0.000000] e820: last_pfn = 0x3fff0 max_arch_pfn = 0x400000000
[    0.000000] MTRR: Disabled
[    0.000000] x86/PAT: MTRRs disabled, skipping PAT initialization too.
[    0.000000] x86/PAT: Configuration [0-7]: WB  WT  UC- UC  WB  WT  UC- UC  
[    0.000000] CPU MTRRs all blank - virtualized system.
[    0.000000] found SMP MP-table at [mem 0x0009fff0-0x0009ffff] mapped at [ffff88000009fff0]
[    0.000000] Scanning 1 areas for low memory corruption
[    0.000000] RAMDISK: [mem 0x36b7a000-0x375b4fff]
[    0.000000] ACPI: Early table checksum verification disabled
[    0.000000] ACPI: RSDP 0x00000000000E0000 000024 (v02 VBOX  )
[    0.000000] ACPI: XSDT 0x000000003FFF0030 00003C (v01 VBOX   VBOXXSDT 00000001 ASL  00000061)
[    0.000000] ACPI: FACP 0x000000003FFF00F0 0000F4 (v04 VBOX   VBOXFACP 00000001 ASL  00000061)
[    0.000000] ACPI: DSDT 0x000000003FFF0470 00210F (v01 VBOX   VBOXBIOS 00000002 INTL 20100528)
[    0.000000] ACPI: FACS 0x000000003FFF0200 000040
[    0.000000] ACPI: FACS 0x000000003FFF0200 000040
[    0.000000] ACPI: APIC 0x000000003FFF0240 00005C (v02 VBOX   VBOXAPIC 00000001 ASL  00000061)
[    0.000000] ACPI: SSDT 0x000000003FFF02A0 0001CC (v01 VBOX   VBOXCPUT 00000002 INTL 20100528)
[    0.000000] No NUMA configuration found
[    0.000000] Faking a node at [mem 0x0000000000000000-0x000000003ffeffff]
[    0.000000] NODE_DATA(0) allocated [mem 0x3ffeb000-0x3ffeffff]
[    0.000000] kvm-clock: Using msrs 4b564d01 and 4b564d00
[    0.000000] kvm-clock: cpu 0, msr 0:3ffe3001, primary cpu clock
[    0.000000] kvm-clock: using sched offset of 3327184624 cycles
[    0.000000] clocksource: kvm-clock: mask: 0xffffffffffffffff max_cycles: 0x1cd42e4dffb, max_idle_ns: 881590591483 ns
[    0.000000] Zone ranges:
[    0.000000]   DMA      [mem 0x0000000000001000-0x0000000000ffffff]
[    0.000000]   DMA32    [mem 0x0000000001000000-0x000000003ffeffff]
[    0.000000]   Normal   empty
[    0.000000]   Device   empty
[    0.000000] Movable zone start for each node
[    0.000000] Early memory node ranges
[    0.000000]   node   0: [mem 0x0000000000001000-0x000000000009efff]
[    0.000000]   node   0: [mem 0x0000000000100000-0x000000003ffeffff]
[    0.000000] Initmem setup node 0 [mem 0x0000000000001000-0x000000003ffeffff]
[    0.000000] ACPI: PM-Timer IO Port: 0x4008
[    0.000000] IOAPIC[0]: apic_id 2, version 32, address 0xfec00000, GSI 0-23
[    0.000000] ACPI: INT_SRC_OVR (bus 0 bus_irq 0 global_irq 2 dfl dfl)
[    0.000000] ACPI: INT_SRC_OVR (bus 0 bus_irq 9 global_irq 9 high level)
[    0.000000] Using ACPI (MADT) for SMP configuration information
[    0.000000] smpboot: Allowing 2 CPUs, 0 hotplug CPUs
[    0.000000] PM: Registered nosave memory: [mem 0x00000000-0x00000fff]
[    0.000000] PM: Registered nosave memory: [mem 0x0009f000-0x0009ffff]
[    0.000000] PM: Registered nosave memory: [mem 0x000a0000-0x000effff]
[    0.000000] PM: Registered nosave memory: [mem 0x000f0000-0x000fffff]
[    0.000000] e820: [mem 0x40000000-0xfebfffff] available for PCI devices
[    0.000000] Booting paravirtualized kernel on KVM
[    0.000000] clocksource: refined-jiffies: mask: 0xffffffff max_cycles: 0xffffffff, max_idle_ns: 7645519600211568 ns
[    0.000000] setup_percpu: NR_CPUS:512 nr_cpumask_bits:512 nr_cpu_ids:2 nr_node_ids:1
[    0.000000] PERCPU: Embedded 33 pages/cpu @ffff88003fc00000 s98264 r8192 d28712 u1048576
[    0.000000] PV qspinlock hash table entries: 256 (order: 0, 4096 bytes)
[    0.000000] Built 1 zonelists in Node order, mobility grouping on.  Total pages: 257913
[    0.000000] Policy zone: DMA32
[    0.000000] Kernel command line: BOOT_IMAGE=/boot/vmlinuz-4.4.0-59-generic root=LABEL=cloudimg-rootfs ro console=tty1 console=ttyS0
[    0.000000] PID hash table entries: 4096 (order: 3, 32768 bytes)
[    0.000000] Memory: 1002104K/1048120K available (8436K kernel code, 1291K rwdata, 3960K rodata, 1488K init, 1316K bss, 46016K reserved, 0K cma-reserved)
[    0.000000] SLUB: HWalign=64, Order=0-3, MinObjects=0, CPUs=2, Nodes=1
[    0.000000] Hierarchical RCU implementation.
[    0.000000] 	Build-time adjustment of leaf fanout to 64.
[    0.000000] 	RCU restricting CPUs from NR_CPUS=512 to nr_cpu_ids=2.
[    0.000000] RCU: Adjusting geometry for rcu_fanout_leaf=64, nr_cpu_ids=2
[    0.000000] NR_IRQS:33024 nr_irqs:440 16
[    0.000000] Console: colour VGA+ 80x25
[    0.000000] console [tty1] enabled
[    0.000000] console [ttyS0] enabled
[    0.000000] tsc: Detected 1991.999 MHz processor
[    1.447694] Calibrating delay loop (skipped) preset value.. 3983.99 BogoMIPS (lpj=7967996)
[    1.454071] pid_max: default: 32768 minimum: 301
[    1.473111] ACPI: Core revision 20150930
[    1.482099] ACPI: 2 ACPI AML tables successfully acquired and loaded
[    1.485226] Security Framework initialized
[    1.498699] Yama: becoming mindful.
[    1.499664] AppArmor: AppArmor initialized
[    1.501294] Dentry cache hash table entries: 131072 (order: 8, 1048576 bytes)
[    1.516936] Inode-cache hash table entries: 65536 (order: 7, 524288 bytes)
[    1.534215] Mount-cache hash table entries: 2048 (order: 2, 16384 bytes)
[    1.553409] Mountpoint-cache hash table entries: 2048 (order: 2, 16384 bytes)
[    1.581982] Initializing cgroup subsys io
[    1.597978] Initializing cgroup subsys memory
[    1.619151] Initializing cgroup subsys devices
[    1.625695] Initializing cgroup subsys freezer
[    1.629844] Initializing cgroup subsys net_cls
[    1.634779] Initializing cgroup subsys perf_event
[    1.636916] Initializing cgroup subsys net_prio
[    1.638482] Initializing cgroup subsys hugetlb
[    1.666002] Initializing cgroup subsys pids
[    1.678636] CPU: Physical Processor ID: 0
[    1.682402] CPU: Processor Core ID: 0
[    1.693097] mce: CPU supports 0 MCE banks
[    1.700981] Last level iTLB entries: 4KB 64, 2MB 8, 4MB 8
[    1.702517] Last level dTLB entries: 4KB 64, 2MB 0, 4MB 0, 1GB 4
[    1.707290] Freeing SMP alternatives memory: 32K (ffffffff820b8000 - ffffffff820c0000)
[    1.724503] ftrace: allocating 32064 entries in 126 pages
[    1.789508] smpboot: APIC(0) Converting physical 0 to logical package 0
[    1.818330] smpboot: Max logical packages: 1
[    1.833487] x2apic enabled
[    1.835796] Switched APIC routing to physical x2apic.
[    1.845340] ..TIMER: vector=0x30 apic1=0 pin1=2 apic2=-1 pin2=-1
[    1.964022] smpboot: CPU0: Intel(R) Core(TM) i5-6360U CPU @ 2.00GHz (family: 0x6, model: 0x4e, stepping: 0x3)
[    1.985810] Performance Events: unsupported p6 CPU model 78 no PMU driver, software events only.
[    1.989793] KVM setup paravirtual spinlock
[    1.992135] x86: Booting SMP configuration:
[    1.993366] .... node  #0, CPUs:      #1
[    2.002417] kvm-clock: cpu 1, msr 0:3ffe3041, secondary cpu clock
[    2.014183] mce: CPU supports 0 MCE banks
[    2.038330] x86: Booted up 1 node, 2 CPUs
[    2.043467] smpboot: Total of 2 processors activated (7967.99 BogoMIPS)
[    2.048523] devtmpfs: initialized
[    2.060812] evm: security.selinux
[    2.063359] evm: security.SMACK64
[    2.065563] evm: security.SMACK64EXEC
[    2.075543] evm: security.SMACK64TRANSMUTE
[    2.078464] evm: security.SMACK64MMAP
[    2.079406] evm: security.ima
[    2.080685] evm: security.capability
[    2.082811] clocksource: jiffies: mask: 0xffffffff max_cycles: 0xffffffff, max_idle_ns: 7645041785100000 ns
[    2.093490] pinctrl core: initialized pinctrl subsystem
[    2.097772] RTC time: 18:12:04, date: 02/21/17
[    2.114908] NET: Registered protocol family 16
[    2.136165] cpuidle: using governor ladder
[    2.160140] cpuidle: using governor menu
[    2.175333] PCCT header not found.
[    2.176503] ACPI: bus type PCI registered
[    2.179894] acpiphp: ACPI Hot Plug PCI Controller Driver version: 0.5
[    2.194489] PCI: Using configuration type 1 for base access
[    2.209097] ACPI: Added _OSI(Module Device)
[    2.219753] ACPI: Added _OSI(Processor Device)
[    2.228080] ACPI: Added _OSI(3.0 _SCP Extensions)
[    2.236454] ACPI: Added _OSI(Processor Aggregator Device)
[    2.256501] ACPI: Executed 1 blocks of module-level executable AML code
[    2.272295] ACPI: Interpreter enabled
[    2.274188] ACPI: (supports S0 S5)
[    2.276883] ACPI: Using IOAPIC for interrupt routing
[    2.281070] PCI: Using host bridge windows from ACPI; if necessary, use "pci=nocrs" and report a bug
[    2.297008] ACPI: PCI Root Bridge [PCI0] (domain 0000 [bus 00-ff])
[    2.305022] acpi PNP0A03:00: _OSC: OS supports [ASPM ClockPM Segments MSI]
[    2.310951] acpi PNP0A03:00: _OSC failed (AE_NOT_FOUND); disabling ASPM
[    2.316868] acpi PNP0A03:00: fail to add MMCONFIG information, can't access extended PCI configuration space under this bridge.
[    2.340974] PCI host bridge to bus 0000:00
[    2.344088] pci_bus 0000:00: root bus resource [io  0x0000-0x0cf7 window]
[    2.360167] pci_bus 0000:00: root bus resource [io  0x0d00-0xffff window]
[    2.365155] pci_bus 0000:00: root bus resource [mem 0x000a0000-0x000bffff window]
[    2.369177] pci_bus 0000:00: root bus resource [mem 0x40000000-0xffdfffff window]
[    2.383293] pci_bus 0000:00: root bus resource [bus 00-ff]
[    2.474997] pci 0000:00:01.1: legacy IDE quirk: reg 0x10: [io  0x01f0-0x01f7]
[    2.649055] pci 0000:00:01.1: legacy IDE quirk: reg 0x14: [io  0x03f6]
[    2.767643] pci 0000:00:01.1: legacy IDE quirk: reg 0x18: [io  0x0170-0x0177]
[    2.771736] pci 0000:00:01.1: legacy IDE quirk: reg 0x1c: [io  0x0376]
[    2.801647] pci 0000:00:07.0: quirk: [io  0x4000-0x403f] claimed by PIIX4 ACPI
[    2.807789] pci 0000:00:07.0: quirk: [io  0x4100-0x410f] claimed by PIIX4 SMB
[    2.819584] ACPI: PCI Interrupt Link [LNKA] (IRQs 5 9 10 *11)
[    2.831229] ACPI: PCI Interrupt Link [LNKB] (IRQs 5 9 10 *11)
[    2.866897] ACPI: PCI Interrupt Link [LNKC] (IRQs 5 9 *10 11)
[    2.892736] ACPI: PCI Interrupt Link [LNKD] (IRQs 5 *9 10 11)
[    2.898176] ACPI: Enabled 2 GPEs in block 00 to 07
[    2.902972] vgaarb: setting as boot device: PCI:0000:00:02.0
[    2.906707] vgaarb: device added: PCI:0000:00:02.0,decodes=io+mem,owns=io+mem,locks=none
[    2.913548] vgaarb: loaded
[    2.921385] vgaarb: bridge control possible 0000:00:02.0
[    2.926845] SCSI subsystem initialized
[    2.931252] ACPI: bus type USB registered
[    2.933262] usbcore: registered new interface driver usbfs
[    2.936977] usbcore: registered new interface driver hub
[    2.952196] usbcore: registered new device driver usb
[    2.954296] PCI: Using ACPI for IRQ routing
[    2.971042] NetLabel: Initializing
[    2.977445] NetLabel:  domain hash size = 128
[    2.989975] NetLabel:  protocols = UNLABELED CIPSOv4
[    2.993267] NetLabel:  unlabeled traffic allowed by default
[    2.997855] amd_nb: Cannot enumerate AMD northbridges
[    3.001247] clocksource: Switched to clocksource kvm-clock
[    3.017246] AppArmor: AppArmor Filesystem Enabled
[    3.042993] pnp: PnP ACPI init
[    3.069195] pnp: PnP ACPI: found 3 devices
[    3.083307] clocksource: acpi_pm: mask: 0xffffff max_cycles: 0xffffff, max_idle_ns: 2085701024 ns
[    3.100411] NET: Registered protocol family 2
[    3.111520] TCP established hash table entries: 8192 (order: 4, 65536 bytes)
[    3.136328] TCP bind hash table entries: 8192 (order: 5, 131072 bytes)
[    3.150158] TCP: Hash tables configured (established 8192 bind 8192)
[    3.160401] UDP hash table entries: 512 (order: 2, 16384 bytes)
[    3.164187] UDP-Lite hash table entries: 512 (order: 2, 16384 bytes)
[    3.165728] NET: Registered protocol family 1
[    3.180563] pci 0000:00:00.0: Limiting direct PCI/PCI transfers
[    3.186820] pci 0000:00:01.0: Activating ISA DMA hang workarounds
[    3.196880] Trying to unpack rootfs image as initramfs...
[    5.050849] Freeing initrd memory: 10476K (ffff880036b7a000 - ffff8800375b5000)
[    5.144618] platform rtc_cmos: registered platform RTC device (no PNP device found)
[    5.227568] Scanning for low memory corruption every 60 seconds
[    5.302316] futex hash table entries: 512 (order: 3, 32768 bytes)
[    5.377888] audit: initializing netlink subsys (disabled)
[    5.446157] audit: type=2000 audit(1487700729.788:1): initialized
[    5.523369] Initialise system trusted keyring
[    5.559417] HugeTLB registered 2 MB page size, pre-allocated 0 pages
[    5.628496] zbud: loaded
[    5.670095] VFS: Disk quotas dquot_6.6.0
[    5.729477] VFS: Dquot-cache hash table entries: 512 (order 0, 4096 bytes)
[    5.828603] squashfs: version 4.0 (2009/01/31) Phillip Lougher
[    5.933341] fuse init (API version 7.23)
[    5.961471] Key type big_key registered
[    6.031407] Allocating IMA MOK and blacklist keyrings.
[    6.121528] Key type asymmetric registered
[    6.173686] tsc: Refined TSC clocksource calibration: 1992.073 MHz
[    6.181478] Asymmetric key parser 'x509' registered
[    6.181543] Block layer SCSI generic (bsg) driver version 0.4 loaded (major 249)
[    6.253423] io scheduler noop registered
[    6.253427] io scheduler deadline registered (default)
[    6.253488] io scheduler cfq registered
[    6.253601] pci_hotplug: PCI Hot Plug PCI Core version: 0.5
[    6.253606] pciehp: PCI Express Hot Plug Controller Driver version: 0.4
[    6.253918] ACPI: AC Adapter [AC] (off-line)
[    6.253975] input: Power Button as /devices/LNXSYSTM:00/LNXPWRBN:00/input/input0
[    6.253977] ACPI: Power Button [PWRF]
[    6.254039] input: Sleep Button as /devices/LNXSYSTM:00/LNXSLPBN:00/input/input1
[    6.254040] ACPI: Sleep Button [SLPF]
[    6.254171] GHES: HEST is not enabled!
[    6.255027] ACPI: Battery Slot [BAT0] (battery present)
[    6.255078] Serial: 8250/16550 driver, 32 ports, IRQ sharing enabled
[    6.328995] 00:02: ttyS0 at I/O 0x3f8 (irq = 4, base_baud = 115200) is a 16550A
[    6.340532] Linux agpgart interface v0.103
[    6.344388] brd: module loaded
[    6.345682] loop: module loaded
[    6.346344] scsi host0: ata_piix
[    6.346393] scsi host1: ata_piix
[    6.346420] ata1: PATA max UDMA/33 cmd 0x1f0 ctl 0x3f6 bmdma 0xd000 irq 14
[    6.346421] ata2: PATA max UDMA/33 cmd 0x170 ctl 0x376 bmdma 0xd008 irq 15
[    6.346489] libphy: Fixed MDIO Bus: probed
[    6.346492] tun: Universal TUN/TAP device driver, 1.6
[    6.346492] tun: (C) 1999-2004 Max Krasnyansky <maxk@qualcomm.com>
[    6.346843] PPP generic driver version 2.4.2
[    6.346927] ehci_hcd: USB 2.0 'Enhanced' Host Controller (EHCI) Driver
[    6.346932] ehci-pci: EHCI PCI platform driver
[    6.346951] ehci-platform: EHCI generic platform driver
[    6.346961] ohci_hcd: USB 1.1 'Open' Host Controller (OHCI) Driver
[    6.346967] ohci-pci: OHCI PCI platform driver
[    6.346978] ohci-platform: OHCI generic platform driver
[    6.346988] uhci_hcd: USB Universal Host Controller Interface driver
[    6.347065] i8042: PNP: PS/2 Controller [PNP0303:PS2K,PNP0f03:PS2M] at 0x60,0x64 irq 1,12
[    6.358118] serio: i8042 KBD port at 0x60,0x64 irq 1
[    6.358124] serio: i8042 AUX port at 0x60,0x64 irq 12
[    6.358253] mousedev: PS/2 mouse device common for all mice
[    6.358530] rtc_cmos rtc_cmos: rtc core: registered rtc_cmos as rtc0
[    6.358582] rtc_cmos rtc_cmos: alarms up to one day, 114 bytes nvram
[    6.358587] i2c /dev entries driver
[    6.358638] device-mapper: uevent: version 1.0.3
[    6.358688] device-mapper: ioctl: 4.34.0-ioctl (2015-10-28) initialised: dm-devel@redhat.com
[    6.358702] ledtrig-cpu: registered to indicate activity on CPUs
[    6.358992] NET: Registered protocol family 10
[    6.359123] NET: Registered protocol family 17
[    6.359131] Key type dns_resolver registered
[    6.362164] microcode: CPU0 sig=0x406e3, pf=0x2, revision=0x0
[    6.362197] microcode: CPU1 sig=0x406e3, pf=0x2, revision=0x0
[    6.362263] microcode: Microcode Update Driver: v2.01 <tigran@aivazian.fsnet.co.uk>, Peter Oruba
[    6.362382] registered taskstats version 1
[    6.362398] Loading compiled-in X.509 certificates
[    6.362968] Loaded X.509 cert 'Build time autogenerated kernel key: 6ffa6bfaa152a74cd2b6aa1e188cb999d8f5632b'
[    6.362990] zswap: loaded using pool lzo/zbud
[    6.364237] Key type trusted registered
[    6.368410] Key type encrypted registered
[    6.368419] AppArmor: AppArmor sha1 policy hashing enabled
[    6.368423] ima: No TPM chip found, activating TPM-bypass!
[    6.368448] evm: HMAC attrs: 0x1
[    6.368822]   Magic number: 5:630:241
[    6.369221] rtc_cmos rtc_cmos: setting system clock to 2017-02-21 18:12:08 UTC (1487700728)
[    6.369376] BIOS EDD facility v0.16 2004-Jun-25, 0 devices found
[    6.369377] EDD information not available.
[    6.389925] input: AT Translated Set 2 keyboard as /devices/platform/i8042/serio0/input/input2
[    8.506487] clocksource: tsc: mask: 0xffffffffffffffff max_cycles: 0x396ddc1596d, max_idle_ns: 881590548357 ns
[    8.593359] Freeing unused kernel memory: 1488K (ffffffff81f44000 - ffffffff820b8000)
[    8.730247] Write protecting the kernel read-only data: 14336k
[    8.768071] Freeing unused kernel memory: 1792K (ffff880001840000 - ffff880001a00000)
[    8.841367] Freeing unused kernel memory: 136K (ffff880001dde000 - ffff880001e00000)
Loading, please [    8.935409] random: systemd-udevd: uninitialized urandom read (16 bytes read, 7 bits of entropy available)
wait...
startin[    8.935958] random: udevadm: uninitialized urandom read (16 bytes read, 7 bits of entropy available)
g version 229
[    8.935989] random: udevadm: uninitialized urandom read (16 bytes read, 7 bits of entropy available)
[    8.936084] random: udevadm: uninitialized urandom read (16 bytes read, 7 bits of entropy available)
[    8.936119] random: udevadm: uninitialized urandom read (16 bytes read, 7 bits of entropy available)
[    8.936153] random: udevadm: uninitialized urandom read (16 bytes read, 7 bits of entropy available)
[    8.936187] random: udevadm: uninitialized urandom read (16 bytes read, 7 bits of entropy available)
[    8.936220] random: udevadm: uninitialized urandom read (16 bytes read, 7 bits of entropy available)
[    8.936261] random: udevadm: uninitialized urandom read (16 bytes read, 7 bits of entropy available)
[    8.936294] random: udevadm: uninitialized urandom read (16 bytes read, 7 bits of entropy available)
[    9.705295] Fusion MPT base driver 3.04.20
[    9.780087] Copyright (c) 1999-2008 LSI Corporation
[    9.792664] e1000: Intel(R) PRO/1000 Network Driver - version 7.3.21-k8-NAPI
[    9.821435] e1000: Copyright (c) 1999-2006 Intel Corporation.
[    9.848138] AVX version of gcm_enc/dec engaged.
[    9.864240] AES CTR mode by8 optimization enabled
[    9.873605] Fusion MPT SPI Host driver 3.04.20
[   10.066579] input: ImExPS/2 Generic Explorer Mouse as /devices/platform/i8042/serio1/input/input4
[   10.253687] e1000 0000:00:03.0 eth0: (PCI:33MHz:32-bit) 02:d9:0b:ad:fe:7d
[   10.324279] e1000 0000:00:03.0 eth0: Intel(R) PRO/1000 Network Connection
[   10.373555] mptbase: ioc0: Initiating bringup
[   10.413587] e1000 0000:00:03.0 enp0s3: renamed from eth0
[   10.530123] ioc0: LSI53C1030 A0: Capabilities={Initiator}
[   10.791152] scsi host2: ioc0: LSI53C1030 A0, FwRev=00000000h, Ports=1, MaxQ=256, IRQ=20
[   11.099700] scsi 2:0:0:0: Direct-Access     VBOX     HARDDISK         1.0  PQ: 0 ANSI: 5
[   11.191668] scsi target2:0:0: Beginning Domain Validation
[   11.226098] scsi target2:0:0: Domain Validation skipping write tests
[   11.362821] scsi target2:0:0: Ending Domain Validation
[   11.471094] scsi target2:0:0: asynchronous
[   11.524667] scsi 2:0:1:0: Direct-Access     VBOX     HARDDISK         1.0  PQ: 0 ANSI: 5
[   11.671170] scsi target2:0:1: Beginning Domain Validation
[   11.799692] scsi target2:0:1: Domain Validation skipping write tests
[   11.801045] scsi target2:0:1: Ending Domain Validation
[   11.913023] scsi target2:0:1: asynchronous
[   11.998412] sd 2:0:0:0: Attached scsi generic sg0 type 0
[   12.011497] sd 2:0:0:0: [sda] 20971520 512-byte logical blocks: (10.7 GB/10.0 GiB)
[   12.119574] sd 2:0:1:0: [sdb] 20480 512-byte logical blocks: (10.5 MB/10.0 MiB)
[   12.183554] sd 2:0:1:0: Attached scsi generic sg1 type 0
[   12.250309] sd 2:0:0:0: [sda] Write Protect is off
[   12.250402] sd 2:0:1:0: [sdb] Write Protect is off
[   12.250584] sd 2:0:1:0: [sdb] Incomplete mode parameter data
[   12.250585] sd 2:0:1:0: [sdb] Assuming drive cache: write through
[   12.267480] sd 2:0:1:0: [sdb] Attached SCSI disk
[   12.414103] sd 2:0:0:0: [sda] Incomplete mode parameter data
[   12.415339] sd 2:0:0:0: [sda] Assuming drive cache: write through
[   12.482090]  sda: sda1
[   12.533598] sd 2:0:0:0: [sda] Attached SCSI disk
[   12.889576] floppy0: no floppy controllers found
Begin: Loading e[   14.294149] md: linear personality registered for level -1
ssential drivers ... [   14.332995] md: multipath personality registered for level -4
[   14.376650] md: raid0 personality registered for level 0
[   14.427475] md: raid1 personality registered for level 1
[   14.585390] raid6: sse2x1   gen()  8473 MB/s
[   14.705623] raid6: sse2x1   xor()  5315 MB/s
[   14.793287] raid6: sse2x2   gen()  9862 MB/s
[   14.897404] raid6: sse2x2   xor()  6826 MB/s
[   14.969687] raid6: sse2x4   gen() 11348 MB/s
[   15.037457] raid6: sse2x4   xor()  7973 MB/s
[   15.038653] raid6: using algorithm sse2x4 gen() 11348 MB/s
[   15.051475] raid6: .... xor() 7973 MB/s, rmw enabled
[   15.052579] raid6: using ssse3x2 recovery algorithm
[   15.055289] xor: automatically using best checksumming function:
[   15.181298]    avx       : 17576.000 MB/sec
[   15.199441] async_tx: api initialized (async)
[   15.227605] md: raid6 personality registered for level 6
[   15.240778] md: raid5 personality registered for level 5
[   15.271130] md: raid4 personality registered for level 4
[   15.290464] md: raid10 personality registered for level 10
done.
Begin: Running /scripts/init-premount ... done.
Begin: Mounting root file system ... Begin: Running /scripts/local-top ... done.
Begin: Running /scripts/local-premount ... [   15.388415] Btrfs loaded
Scanning for Btrfs filesystems
done.
Warning: fsck not present, so sk[   15.454815] EXT4-fs (sda1): mounted filesystem with ordered data mode. Opts: (null)
ipping root file system
done.
Begin: Running /scripts/local-bottom ... done.
Begin: Running /scripts/init-bottom ... done.
[   15.631831] systemd[1]: systemd 229 running in system mode. (+PAM +AUDIT +SELINUX +IMA +APPARMOR +SMACK +SYSVINIT +UTMP +LIBCRYPTSETUP +GCRYPT +GNUTLS +ACL +XZ -LZ4 +SECCOMP +BLKID +ELFUTILS +KMOD -IDN)
[   15.872113] systemd[1]: Detected virtualization oracle.
[   15.904087] systemd[1]: Detected architecture x86-64.

Welcome to [1mUbuntu 16.04.1 LTS[0m!

[   15.924852] systemd[1]: Set hostname to <broker>.
[   16.130756] systemd[1]: Reached target User and Group Name Lookups.
[[0;32m  OK  [0m] Reached target User and Group Name Lookups.
[   16.190117] systemd[1]: Listening on Journal Audit Socket.
[[0;32m  OK  [0m] Listening on Journal Audit Socket.
[   16.277950] systemd[1]: Started Forward Password Requests to Wall Directory Watch.
[[0;32m  OK  [0m] Started Forward Password Requests to Wall Directory Watch.
[   16.405747] systemd[1]: Reached target Encrypted Volumes.
[[0;32m  OK  [0m] Reached target Encrypted Volumes.
[   16.490313] systemd[1]: Set up automount Arbitrary Executable File Formats File System Automount Point.
[[0;32m  OK  [0m] Set up automount Arbitrary Executab...ats File System Automount Point.
[   16.729923] systemd[1]: Listening on Syslog Socket.
[[0;32m  OK  [0m] Listening on Syslog Socket.
[   16.858884] systemd[1]: Listening on Device-mapper event daemon FIFOs.
[[0;32m  OK  [0m] Listening on Device-mapper event daemon FIFOs.
[   16.974182] systemd[1]: Listening on udev Control Socket.
[[0;32m  OK  [0m] Listening on udev Control Socket.
[   17.069535] systemd[1]: Listening on /dev/initctl Compatibility Named Pipe.
[[0;32m  OK  [0m] Listening on /dev/initctl Compatibility Named Pipe.
[   17.206501] systemd[1]: Created slice System Slice.
[[0;32m  OK  [0m] Created slice System Slice.
[   17.307021] systemd[1]: Created slice system-serial\x2dgetty.slice.
[[0;32m  OK  [0m] Created slice system-serial\x2dgetty.slice.
[   17.325161] systemd[1]: Listening on Journal Socket (/dev/log).
[[0;32m  OK  [0m] Listening on Journal Socket (/dev/log).
[   17.337749] systemd[1]: Listening on LVM2 metadata daemon socket.
[[0;32m  OK  [0m] Listening on LVM2 metadata daemon socket.
[   17.353994] systemd[1]: Reached target Swap.
[[0;32m  OK  [0m] Reached target Swap.
[   17.381719] systemd[1]: Listening on udev Kernel Socket.
[[0;32m  OK  [0m] Listening on udev Kernel Socket.
[   17.390612] systemd[1]: Listening on Journal Socket.
[[0;32m  OK  [0m] Listening on Journal Socket.
[   17.445474] systemd[1]: Mounting Debug File System...
         Mounting Debug File System...
[   17.530141] systemd[1]: Starting Uncomplicated firewall...
[   17.531024] random: nonblocking pool is initialized
         Starting Uncomplicated firewall...
[   17.753530] systemd[1]: Starting Nameserver information manager...
         Starting Nameserver information manager...
[   17.937503] systemd[1]: Mounting Huge Pages File System...
         Mounting Huge Pages File System...
[   18.014065] systemd[1]: Starting Set console keymap...
         Starting Set console keymap...
[   18.064498] systemd[1]: Starting Monitoring of LVM2 mirrors, snapshots etc. using dmeventd or progress polling...
         Starting Monitoring of LVM2 mirrors... dmeventd or progress polling...
[   18.237981] systemd[1]: Starting Journal Service...
         Starting Journal Service...
[   18.361480] systemd[1]: Starting Create list of required static device nodes for the current kernel...
         Starting Create list of required st... nodes for the current kernel...
[   18.505565] systemd[1]: Starting Remount Root and Kernel File Systems...
[   18.510594] EXT4-fs (sda1): re-mounted. Opts: (null)
         Starting Remount Root and Kernel File Systems...
[   18.618077] systemd[1]: Listening on LVM2 poll daemon socket.
[[0;32m  OK  [0m] Listening on LVM2 poll daemon socket.
[   18.733686] systemd[1]: Mounting POSIX Message Queue File System...
         Mounting POSIX Message Queue File System...
[   18.825988] systemd[1]: Created slice User and Session Slice.
[[0;32m  OK  [0m] Created slice User and Session Slice.
[   18.922010] systemd[1]: Reached target Slices.
[[0;32m  OK  [0m] Reached target Slices.
[   18.981684] systemd[1]: Starting Load Kernel Modules...
         Startin[   18.992550] Loading iSCSI transport class v2.0-870.
g Load Kernel Mo[   19.027888] iscsi: registered transport (tcp)
dules...
[   19.090329] systemd[1]: Mounted POSIX Message Queue File System.
[   19.094738] iscsi: registered transport (iser)
[[0;32m  OK  [0m] Mounted POSIX Message Queue File System.
[   19.122069] systemd[1]: Mounted Huge Pages File System.
[[0;32m  OK  [0m] Mounted Huge Pages File System.
[   19.290239] systemd[1]: Mounted Debug File System.
[[0;32m  OK  [0m] Mounted Debug File System.
[   19.442018] systemd[1]: Started Journal Service.
[[0;32m  OK  [0m] Started Journal Service.
[[0;32m  OK  [0m] Started Uncomplicated firewall.
[[0;32m  OK  [0m] Started Set console keymap.
[[0;32m  OK  [0m] Started Create list of required sta...ce nodes for the current kernel.
[[0;32m  OK  [0m] Started Remount Root and Kernel File Systems.
[[0;32m  OK  [0m] Started Load Kernel Modules.
[[0;32m  OK  [0m] Started Nameserver information manager.
[[0;32m  OK  [0m] Started LVM2 metadata daemon.
         Starting Apply Kernel Variables...
         Mounting FUSE Control File System...
         Starting Load/Save Random Seed...
         Starting Initial cloud-init job (pre-networking)...
         Starting udev Coldplug all Devices...
         Starting Create Static Device Nodes in /dev...
         Starting Flush Journal to Persistent Storage...
[[0;32m  OK  [0m] Mounted FUSE Control File System.
[[0;32m  OK  [0m] Started Apply Kernel Variables.
[[0;32m  OK  [0m] Started Monitoring of LVM2 mirrors,...ng dmeventd or progress polling.
[[0;32m  OK  [0m] Started Load/Save Random Seed.
[[0;32m  OK  [0m] Started Create Static Device Nodes in /dev.
[[0;32m  OK  [0m] Started udev Coldplug all Devices.
[[0;32m  OK  [0m] Started Flush Journal to Persistent Storage.
         Starting udev Kernel Device Manager...
[[0;32m  OK  [0m] Started udev Kernel Device Manager.
[[0;32m  OK  [0m] Reached target Local File Systems (Pre).
[[0;32m  OK  [0m] Reached target Local File Systems.
         Starting LSB: AppArmor initialization...
         Starting Set console font and keymap...
         Starting Create Volatile Files and Directories...
         Starting Tell Plymouth To Write Out Runtime Data...
[[0;32m  OK  [0m] Started Dispatch Password Requests to Console Directory Watch.
[[0;32m  OK  [0m] Started Tell Plymouth To Write Out Runtime Data.
[[0;32m  OK  [0m] Started Create Volatile Files and Directories.
[[0;32m  OK  [0m] Found device /dev/ttyS0.
         Starting Update UTMP about System Boot/Shutdown...
[[0;32m  OK  [0m] Reached target System Time Synchronized.
[[0;32m  OK  [0m] Started LSB: AppArmor initialization.
[[0;32m  OK  [0m] Started Update UTMP about System Boot/Shutdown.
[[0;32m  OK  [0m] Started Set console font and keymap.
[   18.992210] cloud-init[483]: Cloud-init v. 0.7.8 running 'init-local' at Tue, 21 Feb 2017 18:12:23 +0000. Up 18.54 seconds.
[[0;32m  OK  [0m] Started Initial cloud-init job (pre-networking).
[[0;32m  OK  [0m] Found device 82540EM Gigabit Ethern...r (PRO/1000 MT Desktop Adapter).
[[0;32m  OK  [0m] Reached target Network (Pre).
[[0;32m  OK  [0m] Started ifup for enp0s3.
         Starting Raise network interfaces...
[[0;32m  OK  [0m] Listening on Load/Save RF Kill Switch Status /dev/rfkill Watch.
[[0;32m  OK  [0m] Created slice system-getty.slice.
[[0;32m  OK  [0m] Started Raise network interfaces.
[[0;32m  OK  [0m] Reached target Network.
         Starting Initial cloud-init job (metadata service crawler)...
[   22.092951] cloud-init[1077]: Cloud-init v. 0.7.8 running 'init' at Tue, 21 Feb 2017 18:12:26 +0000. Up 21.87 seconds.
[[0;32m  OK  [0m] Started Initial cloud-init job (metadata service crawler).
[   22.162723] cloud-init[1077]: ci-info: +++++++++++++++++++++++++++++++++++++Net device info+++++++++++++++++++++++++++++++++++++
[   22.208598] [cloud-init[0;32m  OK  [0m[1077]: ] ci-info: +--------+------+---------------------------+---------------+-------+-------------------+Reached target Cloud-config availability.

[[0;32m  OK  [0m] Reached target System Initialization.
         Starting Socket activation for snappy daemon.
[   22.209171] cloud-init[1077]: ci-info: | Device |  Up  |          Address          |      Mask     | Scope |     Hw-Address    |
[   22.620914] [cloud-init[0;32m  OK  [0m[1077]: ] ci-info: +--------+------+---------------------------+---------------+-------+-------------------+Started ACPI Events Check.

[   22.621524] cloud-init[1077]: ci-info: |   lo   | True |         127.0.0.1         |   255.0.0.0   |   .   |         .         |
[   22.788453] [cloud-init[0;32m  OK  [0m[1077]: ] ci-info: |   lo   | True |          ::1/128          |       .       |  host |         .         |Started Daily apt activities.

[[0;32m  OK  [0m] Listening on UUID daemon activation socket.
[[0;32m  OK  [0m] Started Timer to automatically refresh installed snaps.
[   22.789011] cloud-init[1077]: ci-info: | enp0s3 | True |         10.0.2.15         | 255.255.255.0 |   .   | 02:d9:0b:ad:fe:7d |
[   23.148637] [cloud-init[0;32m  OK  [0m[1077]: ] ci-info: | enp0s3 | True | fe80::d9:bff:fead:fe7d/64 |       .       |  link | 02:d9:0b:ad:fe:7d |Started Daily Cleanup of Temporary Directories.

[   23.149400] [cloud-init[0;32m  OK  [0m[1077]: ] ci-info: +--------+------+---------------------------+---------------+-------+-------------------+Reached target Timers.

[   23.325823] cloud-init[1077]: ci-info: +++++++++++++++++++++++++++Route IPv4 info++++++++++++++++++++++++++++
[   23.556970]          cloud-initStarting LXD - unix socket.[1077]: 
ci-info: +-------+-------------+----------+---------------+-----------+-------+
[   23.692904] [cloud-init[0;32m  OK  [0m[1077]: ] ci-info: | Route | Destination | Gateway  |    Genmask    | Interface | Flags |Listening on D-Bus System Message Bus Socket.

[   23.832457] [cloud-init[0;32m  OK  [0m[1077]: ] ci-info: +-------+-------------+----------+---------------+-----------+-------+Listening on ACPID Listen Socket.

[   23.904628] [cloud-init[0;32m  OK  [0m[1077]: ] ci-info: |   0   |   0.0.0.0   | 10.0.2.2 |    0.0.0.0    |   enp0s3  |   UG  |Started Trigger resolvconf update for networkd DNS.

[   23.980229] [cloud-init[0;32m  OK  [0m[1077]: ] ci-info: |   1   |   10.0.2.0  | 0.0.0.0  | 255.255.255.0 |   enp0s3  |   U   |Reached target Paths.

[   23.980703] [cloud-init[0;32m  OK  [0m[1077]: ] ci-info: +-------+-------------+----------+---------------+-----------+-------+Reached target Network is Online.

         Starting iSCSI initiator daemon (iscsid)...
[[0;32m  OK  [0m] Listening on Socket activation for snappy daemon.
[[0;32m  OK  [0m] Listening on LXD - unix socket.
[[0;32m  OK  [0m] Started iSCSI initiator daemon (iscsid).
         Starting Login to default iSCSI targets...
[[0;32m  OK  [0m] Reached target Sockets.
[[0;32m  OK  [0m] Reached target Basic System.
         Starting Apply the settings specified in cloud-config...
         Starting Accounts Service...
         Starting LSB: MD monitoring daemon...
         Starting /etc/rc.local Compatibility...
[[0;32m  OK  [0m] Started FUSE filesystem for LXC.
[[0;32m  OK  [0m] Started ACPI event daemon.
[[0;32m  OK  [0m] Started Deferred execution scheduler.
         Starting LXD - container startup/shutdown...
         Starting System Logging Service...
         Starting Login Service...
         Starting LSB: Record successful boot for GRUB...
[[0;32m  OK  [0m] Started Snappy daemon.
         Starting OpenBSD Secure Shell server...
[[0;32m  OK  [0m] Started Regular background program processing daemon.
[[0;32m  OK  [0m] Started D-Bus System Message Bus.
         Starting Auto import assertions from block devices...
[[0;32m  OK  [0m] Started System Logging Service.
[[0;32m  OK  [0m] Started OpenBSD Secure Shell server.
[[0;32m  OK  [0m] Started /etc/rc.local Compatibility.
[[0;32m  OK  [0m] Started LXD - container startup/shutdown.
[[0;32m  OK  [0m] Started Auto import assertions from block devices.
[   24.797127] cloud-init[1133]: Cloud-init v. 0.7.8 running 'modules:config' at Tue, 21 Feb 2017 18:12:29 +0000. Up 24.66 seconds.
[[0;32m  OK  [0m] Started Login to default iSCSI targets.
[[0;32m  OK  [0m] Started Apply the settings specified in cloud-config.
[[0;32m  OK  [0m] Started LSB: MD monitoring daemon.
[[0;32m  OK  [0m] Started LSB: Record successful boot for GRUB.
[[0;32m  OK  [0m] Started Login Service.
         Starting Authenticate and Authorize Users to Run Privileged Tasks...
[[0;32m  OK  [0m] Reached target Remote File Systems (Pre).
[[0;32m  OK  [0m] Reached target Remote File Systems.
         Starting LSB: daemon to balance interrupts for SMP systems...
         Starting LSB: Set the CPU Frequency Scaling governor to "ondemand"...
         Starting Permit User Sessions...
         Starting LSB: automatic crash report generation...
         Starting LSB: VirtualBox Linux Additions...
         Starting LSB: Start/stop openfire jabber server...
[[0;32m  OK  [0m] Started Permit User Sessions.
[[0;32m  OK  [0m] Started LSB: Start/stop openfire jabber server.
[[0;32m  OK  [0m] Started Authenticate and Authorize Users to Run Privileged Tasks.
[[0;32m  OK  [0m] Started Accounts Service.
[[0;32m  OK  [0m] Started LSB: Set the CPU Frequency Scaling governor to "ondemand".
[[0;32m  OK  [0m] Started LSB: daemon to balance interrupts for SMP systems.
[[0;32m  OK  [0m] Created slice User Slice of ubuntu.
[[0;32m  OK  [0m] Started Session 1 of user ubuntu.
         Starting User Manager for UID 1000...
         Starting Terminate Plymouth Boot Screen...
         Starting Hold until boot process finishes up...
[[0;32m  OK  [0m] Started User Manager for UID 1000.
[[0;32m  OK  [0m] Started LSB: automatic crash report generation.
[[0;32m  OK  [0m] Started LSB: VirtualBox Linux Additions.
[[0;32m  OK  [0m] Started Terminate Plymouth Boot Screen.
[[0;32m  OK  [0m] Started Hold until boot process finishes up.
         Starting Set console scheme...
[[0;32m  OK  [0m] Started Getty on tty1.
[[0;32m  OK  [0m] Started Serial Getty on ttyS0.
[[0;32m  OK  [0m] Reached target Login Prompts.
[[0;32m  OK  [0m] Reached target Multi-User System.
         Starting Execute cloud user/final scripts...
[[0;32m  OK  [0m] Reached target Graphical Interface.
         Starting Update UTMP about System Runlevel Changes...
[[0;32m  OK  [0m] Started Set console scheme.
[[0;32m  OK  [0m] Started Update UTMP about System Runlevel Changes.
[   26.170940] cloud-init[1330]: Cloud-init v. 0.7.8 running 'modules:final' at Tue, 21 Feb 2017 18:12:30 +0000. Up 26.00 seconds.
[   26.213714] cloud-init[1330]: Cloud-init v. 0.7.8 finished at Tue, 21 Feb 2017 18:12:30 +0000. Datasource DataSourceNoCloud [seed=/dev/sdb][dsmode=net].  Up 26.15 seconds
[[0;32m  OK  [0m] Started Execute cloud user/final scripts.
[[0;32m  OK  [0m] Reached target Cloud-init target.

Ubuntu 16.04.1 LTS broker ttyS0

broker login: 